0 info it worked if it ends with ok
1 verbose cli [ 'C:\\Program Files (x86)\\nodejs\\node.exe',
1 verbose cli   'C:\\Program Files (x86)\\nodejs\\node_modules\\npm\\bin\\npm-cli.js',
1 verbose cli   'run',
1 verbose cli   'starthmr' ]
2 info using npm@3.10.10
3 info using node@v6.10.1
4 verbose run-script [ 'prestarthmr', 'starthmr', 'poststarthmr' ]
5 info lifecycle rxasync@1.0.0~prestarthmr: rxasync@1.0.0
6 silly lifecycle rxasync@1.0.0~prestarthmr: no script for prestarthmr, continuing
7 info lifecycle rxasync@1.0.0~starthmr: rxasync@1.0.0
8 verbose lifecycle rxasync@1.0.0~starthmr: unsafe-perm in lifecycle true
9 verbose lifecycle rxasync@1.0.0~starthmr: PATH: C:\Program Files (x86)\nodejs\node_modules\npm\bin\node-gyp-bin;C:\github\mikerains\reduxjsAsync\node_modules\.bin;C:\ProgramData\Oracle\Java\javapath;C:\windows\system32;C:\windows;C:\windows\System32\Wbem;C:\windows\System32\WindowsPowerShell\v1.0\;C:\ProgramData\chocolatey\bin;C:\Users\michael_rains\.dnx\bin;C:\Program Files\Microsoft DNX\Dnvm\;C:\Program Files (x86)\Windows Kits\8.1\Windows Performance Toolkit\;C:\Program Files\Microsoft SQL Server\120\Tools\Binn\;C:\Program Files\Microsoft SQL Server\130\Tools\Binn\;C:\Program Files (x86)\Microsoft Emulator Manager\1.0\;C:\Program Files (x86)\nodejs\;C:\Program Files\dotnet\;C:\Program Files\Git\cmd;C:\Program Files\Microsoft\Web Platform Installer\;C:\Program Files\Amazon\AWSCLI\;C:\Users\michael_rains\.dnx\bin;C:\Users\michael_rains\AppData\Local\Microsoft\WindowsApps;C:\Users\mike_rains\AppData\Roaming\npm;C:\Users\michael_rains\AppData\Roaming\npm;C:\Program Files (x86)\Microsoft VS Code\bin
10 verbose lifecycle rxasync@1.0.0~starthmr: CWD: C:\github\mikerains\reduxjsAsync
11 silly lifecycle rxasync@1.0.0~starthmr: Args: [ '/d /s /c', 'webpack-dev-server' ]
12 silly lifecycle rxasync@1.0.0~starthmr: Returned: code: 3221225786  signal: null
13 info lifecycle rxasync@1.0.0~starthmr: Failed to exec starthmr script
14 verbose stack Error: rxasync@1.0.0 starthmr: `webpack-dev-server`
14 verbose stack Exit status 3221225786
14 verbose stack     at EventEmitter.<anonymous> (C:\Program Files (x86)\nodejs\node_modules\npm\lib\utils\lifecycle.js:255:16)
14 verbose stack     at emitTwo (events.js:106:13)
14 verbose stack     at EventEmitter.emit (events.js:191:7)
14 verbose stack     at ChildProcess.<anonymous> (C:\Program Files (x86)\nodejs\node_modules\npm\lib\utils\spawn.js:40:14)
14 verbose stack     at emitTwo (events.js:106:13)
14 verbose stack     at ChildProcess.emit (events.js:191:7)
14 verbose stack     at maybeClose (internal/child_process.js:886:16)
14 verbose stack     at Process.ChildProcess._handle.onexit (internal/child_process.js:226:5)
15 verbose pkgid rxasync@1.0.0
16 verbose cwd C:\github\mikerains\reduxjsAsync
17 error Windows_NT 10.0.14393
18 error argv "C:\\Program Files (x86)\\nodejs\\node.exe" "C:\\Program Files (x86)\\nodejs\\node_modules\\npm\\bin\\npm-cli.js" "run" "starthmr"
19 error node v6.10.1
20 error npm  v3.10.10
21 error code ELIFECYCLE
22 error rxasync@1.0.0 starthmr: `webpack-dev-server`
22 error Exit status 3221225786
23 error Failed at the rxasync@1.0.0 starthmr script 'webpack-dev-server'.
23 error Make sure you have the latest version of node.js and npm installed.
23 error If you do, this is most likely a problem with the rxasync package,
23 error not with npm itself.
23 error Tell the author that this fails on your system:
23 error     webpack-dev-server
23 error You can get information on how to open an issue for this project with:
23 error     npm bugs rxasync
23 error Or if that isn't available, you can get their info via:
23 error     npm owner ls rxasync
23 error There is likely additional logging output above.
24 verbose exit [ 1, true ]
